2021-01-04 09:16:48,793 INFO o.a.j.u.JMeterUtils: Setting Locale to en_EN
2021-01-04 09:16:48,848 INFO o.a.j.JMeter: Loading user properties from: D:\testing_tools\apache-jmeter-5.1.1\bin\user.properties
2021-01-04 09:16:48,849 INFO o.a.j.JMeter: Loading system properties from: D:\testing_tools\apache-jmeter-5.1.1\bin\system.properties
2021-01-04 09:16:48,863 INFO o.a.j.JMeter: Copyright (c) 1998-2019 The Apache Software Foundation
2021-01-04 09:16:48,863 INFO o.a.j.JMeter: Version 5.1.1 r1855137
2021-01-04 09:16:48,866 INFO o.a.j.JMeter: java.version=9.0.4
2021-01-04 09:16:48,866 INFO o.a.j.JMeter: java.vm.name=Java HotSpot(TM) 64-Bit Server VM
2021-01-04 09:16:48,866 INFO o.a.j.JMeter: os.name=Windows 7
2021-01-04 09:16:48,866 INFO o.a.j.JMeter: os.arch=amd64
2021-01-04 09:16:48,866 INFO o.a.j.JMeter: os.version=6.1
2021-01-04 09:16:48,867 INFO o.a.j.JMeter: file.encoding=GBK
2021-01-04 09:16:48,867 INFO o.a.j.JMeter: java.awt.headless=null
2021-01-04 09:16:48,867 INFO o.a.j.JMeter: Max memory     =1073741824
2021-01-04 09:16:48,867 INFO o.a.j.JMeter: Available Processors =4
2021-01-04 09:16:48,887 INFO o.a.j.JMeter: Default Locale=English (EN)
2021-01-04 09:16:48,889 INFO o.a.j.JMeter: JMeter  Locale=English (EN)
2021-01-04 09:16:48,889 INFO o.a.j.JMeter: JMeterHome=D:\testing_tools\apache-jmeter-5.1.1
2021-01-04 09:16:48,889 INFO o.a.j.JMeter: user.dir  =D:\testing_tools\my_git\JavaScript
2021-01-04 09:16:48,890 INFO o.a.j.JMeter: PWD       =D:\testing_tools\my_git\JavaScript
2021-01-04 09:16:48,892 INFO o.a.j.JMeter: IP: 192.168.0.120 Name: Mico-2020OBOGLC FullName: Mico-2020OBOGLC
2021-01-04 09:16:49,732 INFO o.a.j.g.a.LookAndFeelCommand: Installing Darcula LAF
2021-01-04 09:16:49,762 INFO o.a.j.g.a.LookAndFeelCommand: Using look and feel: javax.swing.plaf.nimbus.NimbusLookAndFeel [Darcula]
2021-01-04 09:16:49,762 INFO o.a.j.JMeter: Setting LAF to: javax.swing.plaf.nimbus.NimbusLookAndFeel
2021-01-04 09:16:49,870 INFO o.a.j.JMeter: Loaded icon properties from org/apache/jmeter/images/icon.properties
2021-01-04 09:16:53,645 INFO o.a.j.p.h.s.HTTPSamplerBase: Parser for text/html is org.apache.jmeter.protocol.http.parser.LagartoBasedHtmlParser
2021-01-04 09:16:53,646 INFO o.a.j.p.h.s.HTTPSamplerBase: Parser for application/xhtml+xml is org.apache.jmeter.protocol.http.parser.LagartoBasedHtmlParser
2021-01-04 09:16:53,646 INFO o.a.j.p.h.s.HTTPSamplerBase: Parser for application/xml is org.apache.jmeter.protocol.http.parser.LagartoBasedHtmlParser
2021-01-04 09:16:53,647 INFO o.a.j.p.h.s.HTTPSamplerBase: Parser for text/xml is org.apache.jmeter.protocol.http.parser.LagartoBasedHtmlParser
2021-01-04 09:16:53,647 INFO o.a.j.p.h.s.HTTPSamplerBase: Parser for text/vnd.wap.wml is org.apache.jmeter.protocol.http.parser.RegexpHTMLParser
2021-01-04 09:16:53,647 INFO o.a.j.p.h.s.HTTPSamplerBase: Parser for text/css is org.apache.jmeter.protocol.http.parser.CssParser
2021-01-04 09:16:55,115 INFO o.a.j.e.KeyToolUtils: keytool found at 'keytool'
2021-01-04 09:16:55,117 INFO o.a.j.p.h.p.ProxyControl: HTTP(S) Test Script Recorder SSL Proxy will use keys that support embedded 3rd party resources in file D:\testing_tools\apache-jmeter-5.1.1\bin\proxyserver.jks
2021-01-04 09:16:55,800 INFO o.a.j.s.FileServer: Default base='D:\testing_tools\my_git\JavaScript'
2021-01-04 09:16:58,181 INFO o.a.j.s.SampleResult: Note: Sample TimeStamps are START times
2021-01-04 09:16:58,181 INFO o.a.j.s.SampleResult: sampleresult.default.encoding is set to ISO-8859-1
2021-01-04 09:16:58,181 INFO o.a.j.s.SampleResult: sampleresult.useNanoTime=true
2021-01-04 09:16:58,182 INFO o.a.j.s.SampleResult: sampleresult.nanoThreadSleep=5000
2021-01-04 10:01:16,243 INFO o.a.j.g.a.Load: Loading file: D:\testing_tools\my_git\top\top 前台 login.jmx
2021-01-04 10:01:16,244 INFO o.a.j.s.FileServer: Set new base='D:\testing_tools\my_git\top'
2021-01-04 10:01:16,620 INFO o.a.j.s.SaveService: Testplan (JMX) version: 2.2. Testlog (JTL) version: 2.2
2021-01-04 10:01:16,663 INFO o.a.j.s.SaveService: Using SaveService properties version 5.0
2021-01-04 10:01:16,668 INFO o.a.j.s.SaveService: Using SaveService properties file encoding UTF-8
2021-01-04 10:01:16,680 INFO o.a.j.s.SaveService: Loading file: D:\testing_tools\my_git\top\top 前台 login.jmx
2021-01-04 10:01:17,566 INFO o.a.j.s.FileServer: Set new base='D:\testing_tools\my_git\top'
2021-01-04 10:02:02,251 INFO o.a.j.e.StandardJMeterEngine: Running the test!
2021-01-04 10:02:02,254 INFO o.a.j.s.SampleEvent: List of sample_variables: []
2021-01-04 10:02:02,254 INFO o.a.j.s.SampleEvent: List of sample_variables: []
2021-01-04 10:02:02,260 INFO o.a.j.e.u.CompoundVariable: Note: Function class names must contain the string: '.functions.'
2021-01-04 10:02:02,261 INFO o.a.j.e.u.CompoundVariable: Note: Function class names must not contain the string: '.gui.'
2021-01-04 10:02:02,950 INFO o.a.j.g.u.JMeterMenuBar: setRunning(true, *local*)
2021-01-04 10:02:03,208 INFO o.a.j.e.StandardJMeterEngine: Starting ThreadGroup: 1 : 线程组 login
2021-01-04 10:02:03,209 INFO o.a.j.e.StandardJMeterEngine: Starting 1 threads for group 线程组 login.
2021-01-04 10:02:03,210 INFO o.a.j.e.StandardJMeterEngine: Thread will continue on error
2021-01-04 10:02:03,210 INFO o.a.j.t.ThreadGroup: Starting thread group... number=1 threads=1 ramp-up=1 delayedStart=false
2021-01-04 10:02:03,232 INFO o.a.j.t.ThreadGroup: Started thread group number 1
2021-01-04 10:02:03,232 INFO o.a.j.e.StandardJMeterEngine: All thread groups have been started
2021-01-04 10:02:03,237 INFO o.a.j.t.JMeterThread: Thread started: 线程组 login 1-1
2021-01-04 10:02:03,282 INFO o.a.j.p.h.s.HTTPHCAbstractImpl: Local host = Mico-2020OBOGLC
2021-01-04 10:02:03,296 INFO o.a.j.p.h.s.HTTPHC4Impl: HTTP request retry count = 0
2021-01-04 10:02:03,576 INFO o.a.j.t.JMeterThread: Thread is done: 线程组 login 1-1
2021-01-04 10:02:03,576 INFO o.a.j.t.JMeterThread: Thread finished: 线程组 login 1-1
2021-01-04 10:02:03,577 INFO o.a.j.e.StandardJMeterEngine: Notifying test listeners of end of test
2021-01-04 10:02:03,578 INFO o.a.j.g.u.JMeterMenuBar: setRunning(false, *local*)
2021-01-04 10:06:30,522 INFO o.a.j.e.StandardJMeterEngine: Running the test!
2021-01-04 10:06:30,523 INFO o.a.j.s.SampleEvent: List of sample_variables: []
2021-01-04 10:06:30,530 INFO o.a.j.g.u.JMeterMenuBar: setRunning(true, *local*)
2021-01-04 10:06:30,777 INFO o.a.j.e.StandardJMeterEngine: Starting ThreadGroup: 1 : 线程组 login
2021-01-04 10:06:30,777 INFO o.a.j.e.StandardJMeterEngine: Starting 1 threads for group 线程组 login.
2021-01-04 10:06:30,778 INFO o.a.j.e.StandardJMeterEngine: Thread will continue on error
2021-01-04 10:06:30,778 INFO o.a.j.t.ThreadGroup: Starting thread group... number=1 threads=1 ramp-up=1 delayedStart=false
2021-01-04 10:06:30,789 INFO o.a.j.t.ThreadGroup: Started thread group number 1
2021-01-04 10:06:30,791 INFO o.a.j.e.StandardJMeterEngine: All thread groups have been started
2021-01-04 10:06:30,793 INFO o.a.j.t.JMeterThread: Thread started: 线程组 login 1-1
2021-01-04 10:06:33,087 INFO o.a.j.t.JMeterThread: Thread is done: 线程组 login 1-1
2021-01-04 10:06:33,087 INFO o.a.j.t.JMeterThread: Thread finished: 线程组 login 1-1
2021-01-04 10:06:33,088 INFO o.a.j.e.StandardJMeterEngine: Notifying test listeners of end of test
2021-01-04 10:06:33,089 INFO o.a.j.g.u.JMeterMenuBar: setRunning(false, *local*)
2021-01-04 10:23:02,273 INFO o.a.j.e.StandardJMeterEngine: Running the test!
2021-01-04 10:23:02,277 INFO o.a.j.s.SampleEvent: List of sample_variables: []
2021-01-04 10:23:02,292 INFO o.a.j.g.u.JMeterMenuBar: setRunning(true, *local*)
2021-01-04 10:23:02,656 INFO o.a.j.e.StandardJMeterEngine: Starting ThreadGroup: 1 : 线程组 login
2021-01-04 10:23:02,657 INFO o.a.j.e.StandardJMeterEngine: Starting 1 threads for group 线程组 login.
2021-01-04 10:23:02,657 INFO o.a.j.e.StandardJMeterEngine: Thread will continue on error
2021-01-04 10:23:02,658 INFO o.a.j.t.ThreadGroup: Starting thread group... number=1 threads=1 ramp-up=1 delayedStart=false
2021-01-04 10:23:02,673 INFO o.a.j.t.ThreadGroup: Started thread group number 1
2021-01-04 10:23:02,674 INFO o.a.j.e.StandardJMeterEngine: All thread groups have been started
2021-01-04 10:23:02,689 INFO o.a.j.t.JMeterThread: Thread started: 线程组 login 1-1
2021-01-04 10:23:08,674 INFO o.a.j.t.JMeterThread: Thread is done: 线程组 login 1-1
2021-01-04 10:23:08,674 INFO o.a.j.t.JMeterThread: Thread finished: 线程组 login 1-1
2021-01-04 10:23:08,676 INFO o.a.j.e.StandardJMeterEngine: Notifying test listeners of end of test
2021-01-04 10:23:08,676 INFO o.a.j.g.u.JMeterMenuBar: setRunning(false, *local*)
2021-01-04 10:23:37,903 INFO o.a.j.e.StandardJMeterEngine: Running the test!
2021-01-04 10:23:37,904 INFO o.a.j.s.SampleEvent: List of sample_variables: []
2021-01-04 10:23:37,929 INFO o.a.j.g.u.JMeterMenuBar: setRunning(true, *local*)
2021-01-04 10:23:38,254 INFO o.a.j.e.StandardJMeterEngine: Starting ThreadGroup: 1 : 线程组 login
2021-01-04 10:23:38,255 INFO o.a.j.e.StandardJMeterEngine: Starting 1 threads for group 线程组 login.
2021-01-04 10:23:38,255 INFO o.a.j.e.StandardJMeterEngine: Thread will continue on error
2021-01-04 10:23:38,255 INFO o.a.j.t.ThreadGroup: Starting thread group... number=1 threads=1 ramp-up=1 delayedStart=false
2021-01-04 10:23:38,270 INFO o.a.j.t.ThreadGroup: Started thread group number 1
2021-01-04 10:23:38,270 INFO o.a.j.e.StandardJMeterEngine: All thread groups have been started
2021-01-04 10:23:38,282 INFO o.a.j.t.JMeterThread: Thread started: 线程组 login 1-1
2021-01-04 10:29:59,484 INFO o.a.j.g.a.Start: Shutting test down
2021-01-04 10:29:59,526 INFO o.a.j.t.JMeterThread: Stopping: 线程组 login 1-1
2021-01-04 10:30:03,520 INFO o.a.j.g.a.Start: Stopping test
2021-01-04 10:30:03,546 INFO o.a.j.t.JMeterThread: Stopping: 线程组 login 1-1
2021-01-04 10:30:03,547 WARN o.a.j.t.JMeterThread: Interrupting: 线程组 login 1-1 sampler: register
2021-01-04 10:30:03,554 INFO o.a.j.t.JMeterThread: Thread finished: 线程组 login 1-1
2021-01-04 10:30:03,557 INFO o.a.j.e.StandardJMeterEngine: Notifying test listeners of end of test
2021-01-04 10:30:03,558 INFO o.a.j.g.u.JMeterMenuBar: setRunning(false, *local*)
2021-01-04 10:30:52,130 INFO o.a.j.e.StandardJMeterEngine: Running the test!
2021-01-04 10:30:52,131 INFO o.a.j.s.SampleEvent: List of sample_variables: []
2021-01-04 10:30:52,140 INFO o.a.j.g.u.JMeterMenuBar: setRunning(true, *local*)
2021-01-04 10:30:52,390 INFO o.a.j.e.StandardJMeterEngine: Starting ThreadGroup: 1 : 线程组 login
2021-01-04 10:30:52,391 INFO o.a.j.e.StandardJMeterEngine: Starting 1 threads for group 线程组 login.
2021-01-04 10:30:52,391 INFO o.a.j.e.StandardJMeterEngine: Thread will continue on error
2021-01-04 10:30:52,391 INFO o.a.j.t.ThreadGroup: Starting thread group... number=1 threads=1 ramp-up=1 delayedStart=false
2021-01-04 10:30:52,402 INFO o.a.j.t.ThreadGroup: Started thread group number 1
2021-01-04 10:30:52,403 INFO o.a.j.e.StandardJMeterEngine: All thread groups have been started
2021-01-04 10:30:52,406 INFO o.a.j.t.JMeterThread: Thread started: 线程组 login 1-1
2021-01-04 10:31:24,362 INFO o.a.j.t.JMeterThread: Thread is done: 线程组 login 1-1
2021-01-04 10:31:24,362 INFO o.a.j.t.JMeterThread: Thread finished: 线程组 login 1-1
2021-01-04 10:31:24,363 INFO o.a.j.e.StandardJMeterEngine: Notifying test listeners of end of test
2021-01-04 10:31:24,363 INFO o.a.j.g.u.JMeterMenuBar: setRunning(false, *local*)
2021-01-04 10:31:28,012 INFO o.a.j.e.StandardJMeterEngine: Running the test!
2021-01-04 10:31:28,013 INFO o.a.j.s.SampleEvent: List of sample_variables: []
2021-01-04 10:31:28,020 INFO o.a.j.g.u.JMeterMenuBar: setRunning(true, *local*)
2021-01-04 10:31:28,247 INFO o.a.j.e.StandardJMeterEngine: Starting ThreadGroup: 1 : 线程组 login
2021-01-04 10:31:28,247 INFO o.a.j.e.StandardJMeterEngine: Starting 1 threads for group 线程组 login.
2021-01-04 10:31:28,248 INFO o.a.j.e.StandardJMeterEngine: Thread will continue on error
2021-01-04 10:31:28,248 INFO o.a.j.t.ThreadGroup: Starting thread group... number=1 threads=1 ramp-up=1 delayedStart=false
2021-01-04 10:31:28,260 INFO o.a.j.t.ThreadGroup: Started thread group number 1
2021-01-04 10:31:28,260 INFO o.a.j.e.StandardJMeterEngine: All thread groups have been started
2021-01-04 10:31:28,261 INFO o.a.j.t.JMeterThread: Thread started: 线程组 login 1-1
2021-01-04 10:31:29,180 INFO o.a.j.t.JMeterThread: Thread is done: 线程组 login 1-1
2021-01-04 10:31:29,180 INFO o.a.j.t.JMeterThread: Thread finished: 线程组 login 1-1
2021-01-04 10:31:29,181 INFO o.a.j.e.StandardJMeterEngine: Notifying test listeners of end of test
2021-01-04 10:31:29,181 INFO o.a.j.g.u.JMeterMenuBar: setRunning(false, *local*)
2021-01-04 10:32:26,275 INFO o.a.j.e.StandardJMeterEngine: Running the test!
2021-01-04 10:32:26,276 INFO o.a.j.s.SampleEvent: List of sample_variables: []
2021-01-04 10:32:26,288 INFO o.a.j.g.u.JMeterMenuBar: setRunning(true, *local*)
2021-01-04 10:32:26,509 INFO o.a.j.e.StandardJMeterEngine: Starting ThreadGroup: 1 : 线程组 login
2021-01-04 10:32:26,510 INFO o.a.j.e.StandardJMeterEngine: Starting 1 threads for group 线程组 login.
2021-01-04 10:32:26,510 INFO o.a.j.e.StandardJMeterEngine: Thread will continue on error
2021-01-04 10:32:26,510 INFO o.a.j.t.ThreadGroup: Starting thread group... number=1 threads=1 ramp-up=1 delayedStart=false
2021-01-04 10:32:26,519 INFO o.a.j.t.ThreadGroup: Started thread group number 1
2021-01-04 10:32:26,520 INFO o.a.j.e.StandardJMeterEngine: All thread groups have been started
2021-01-04 10:32:26,521 INFO o.a.j.t.JMeterThread: Thread started: 线程组 login 1-1
2021-01-04 10:32:27,835 INFO o.a.j.t.JMeterThread: Thread is done: 线程组 login 1-1
2021-01-04 10:32:27,835 INFO o.a.j.t.JMeterThread: Thread finished: 线程组 login 1-1
2021-01-04 10:32:27,836 INFO o.a.j.e.StandardJMeterEngine: Notifying test listeners of end of test
2021-01-04 10:32:27,836 INFO o.a.j.g.u.JMeterMenuBar: setRunning(false, *local*)
2021-01-04 10:32:40,326 INFO o.a.j.e.StandardJMeterEngine: Running the test!
2021-01-04 10:32:40,327 INFO o.a.j.s.SampleEvent: List of sample_variables: []
2021-01-04 10:32:40,331 INFO o.a.j.g.u.JMeterMenuBar: setRunning(true, *local*)
2021-01-04 10:32:40,582 INFO o.a.j.e.StandardJMeterEngine: Starting ThreadGroup: 1 : 线程组 login
2021-01-04 10:32:40,583 INFO o.a.j.e.StandardJMeterEngine: Starting 1 threads for group 线程组 login.
2021-01-04 10:32:40,583 INFO o.a.j.e.StandardJMeterEngine: Thread will continue on error
2021-01-04 10:32:40,583 INFO o.a.j.t.ThreadGroup: Starting thread group... number=1 threads=1 ramp-up=1 delayedStart=false
2021-01-04 10:32:40,594 INFO o.a.j.t.ThreadGroup: Started thread group number 1
2021-01-04 10:32:40,594 INFO o.a.j.e.StandardJMeterEngine: All thread groups have been started
2021-01-04 10:32:40,596 INFO o.a.j.t.JMeterThread: Thread started: 线程组 login 1-1
2021-01-04 10:32:40,745 INFO o.a.j.t.JMeterThread: Thread is done: 线程组 login 1-1
2021-01-04 10:32:40,745 INFO o.a.j.t.JMeterThread: Thread finished: 线程组 login 1-1
2021-01-04 10:32:40,746 INFO o.a.j.e.StandardJMeterEngine: Notifying test listeners of end of test
2021-01-04 10:32:40,747 INFO o.a.j.g.u.JMeterMenuBar: setRunning(false, *local*)
2021-01-04 10:33:00,591 INFO o.a.j.e.StandardJMeterEngine: Running the test!
2021-01-04 10:33:00,592 INFO o.a.j.s.SampleEvent: List of sample_variables: []
2021-01-04 10:33:00,593 INFO o.a.j.g.u.JMeterMenuBar: setRunning(true, *local*)
2021-01-04 10:33:00,813 INFO o.a.j.e.StandardJMeterEngine: Starting ThreadGroup: 1 : 线程组 login
2021-01-04 10:33:00,814 INFO o.a.j.e.StandardJMeterEngine: Starting 1 threads for group 线程组 login.
2021-01-04 10:33:00,814 INFO o.a.j.e.StandardJMeterEngine: Thread will continue on error
2021-01-04 10:33:00,814 INFO o.a.j.t.ThreadGroup: Starting thread group... number=1 threads=1 ramp-up=1 delayedStart=false
2021-01-04 10:33:00,824 INFO o.a.j.t.ThreadGroup: Started thread group number 1
2021-01-04 10:33:00,825 INFO o.a.j.e.StandardJMeterEngine: All thread groups have been started
2021-01-04 10:33:00,826 INFO o.a.j.t.JMeterThread: Thread started: 线程组 login 1-1
2021-01-04 10:33:02,568 INFO o.a.j.t.JMeterThread: Thread is done: 线程组 login 1-1
2021-01-04 10:33:02,568 INFO o.a.j.t.JMeterThread: Thread finished: 线程组 login 1-1
2021-01-04 10:33:02,569 INFO o.a.j.e.StandardJMeterEngine: Notifying test listeners of end of test
2021-01-04 10:33:02,569 INFO o.a.j.g.u.JMeterMenuBar: setRunning(false, *local*)
2021-01-04 10:35:12,066 INFO o.a.j.e.StandardJMeterEngine: Running the test!
2021-01-04 10:35:12,067 INFO o.a.j.s.SampleEvent: List of sample_variables: []
2021-01-04 10:35:12,068 INFO o.a.j.g.u.JMeterMenuBar: setRunning(true, *local*)
2021-01-04 10:35:12,296 INFO o.a.j.e.StandardJMeterEngine: Starting ThreadGroup: 1 : 线程组 login
2021-01-04 10:35:12,297 INFO o.a.j.e.StandardJMeterEngine: Starting 1 threads for group 线程组 login.
2021-01-04 10:35:12,297 INFO o.a.j.e.StandardJMeterEngine: Thread will continue on error
2021-01-04 10:35:12,297 INFO o.a.j.t.ThreadGroup: Starting thread group... number=1 threads=1 ramp-up=1 delayedStart=false
2021-01-04 10:35:12,308 INFO o.a.j.t.ThreadGroup: Started thread group number 1
2021-01-04 10:35:12,309 INFO o.a.j.e.StandardJMeterEngine: All thread groups have been started
2021-01-04 10:35:12,309 INFO o.a.j.t.JMeterThread: Thread started: 线程组 login 1-1
2021-01-04 10:55:51,668 INFO o.a.j.g.a.Start: Stopping test
2021-01-04 10:55:51,682 INFO o.a.j.t.JMeterThread: Stopping: 线程组 login 1-1
2021-01-04 10:55:51,684 WARN o.a.j.t.JMeterThread: Interrupting: 线程组 login 1-1 sampler: sendPhoneCode
2021-01-04 10:55:51,697 INFO o.a.j.t.JMeterThread: Thread finished: 线程组 login 1-1
2021-01-04 10:55:51,698 INFO o.a.j.e.StandardJMeterEngine: Notifying test listeners of end of test
2021-01-04 10:55:51,698 INFO o.a.j.g.u.JMeterMenuBar: setRunning(false, *local*)
2021-01-04 10:55:59,308 INFO o.a.j.e.StandardJMeterEngine: Running the test!
2021-01-04 10:55:59,308 INFO o.a.j.s.SampleEvent: List of sample_variables: []
2021-01-04 10:55:59,309 INFO o.a.j.g.u.JMeterMenuBar: setRunning(true, *local*)
2021-01-04 10:55:59,595 INFO o.a.j.e.StandardJMeterEngine: Starting ThreadGroup: 1 : 线程组 login
2021-01-04 10:55:59,595 INFO o.a.j.e.StandardJMeterEngine: Starting 1 threads for group 线程组 login.
2021-01-04 10:55:59,595 INFO o.a.j.e.StandardJMeterEngine: Thread will continue on error
2021-01-04 10:55:59,595 INFO o.a.j.t.ThreadGroup: Starting thread group... number=1 threads=1 ramp-up=1 delayedStart=false
2021-01-04 10:55:59,604 INFO o.a.j.t.ThreadGroup: Started thread group number 1
2021-01-04 10:55:59,605 INFO o.a.j.e.StandardJMeterEngine: All thread groups have been started
2021-01-04 10:55:59,605 INFO o.a.j.t.JMeterThread: Thread started: 线程组 login 1-1
2021-01-04 10:56:02,934 INFO o.a.j.t.JMeterThread: Thread is done: 线程组 login 1-1
2021-01-04 10:56:02,935 INFO o.a.j.t.JMeterThread: Thread finished: 线程组 login 1-1
2021-01-04 10:56:02,936 INFO o.a.j.e.StandardJMeterEngine: Notifying test listeners of end of test
2021-01-04 10:56:02,936 INFO o.a.j.g.u.JMeterMenuBar: setRunning(false, *local*)
2021-01-04 10:56:27,428 INFO o.a.j.e.StandardJMeterEngine: Running the test!
2021-01-04 10:56:27,429 INFO o.a.j.s.SampleEvent: List of sample_variables: []
2021-01-04 10:56:27,430 INFO o.a.j.g.u.JMeterMenuBar: setRunning(true, *local*)
2021-01-04 10:56:27,679 INFO o.a.j.e.StandardJMeterEngine: Starting ThreadGroup: 1 : 线程组 login
2021-01-04 10:56:27,679 INFO o.a.j.e.StandardJMeterEngine: Starting 1 threads for group 线程组 login.
2021-01-04 10:56:27,679 INFO o.a.j.e.StandardJMeterEngine: Thread will continue on error
2021-01-04 10:56:27,679 INFO o.a.j.t.ThreadGroup: Starting thread group... number=1 threads=1 ramp-up=1 delayedStart=false
2021-01-04 10:56:27,689 INFO o.a.j.t.ThreadGroup: Started thread group number 1
2021-01-04 10:56:27,690 INFO o.a.j.e.StandardJMeterEngine: All thread groups have been started
2021-01-04 10:56:27,692 INFO o.a.j.t.JMeterThread: Thread started: 线程组 login 1-1
2021-01-04 10:56:35,549 INFO o.a.j.t.JMeterThread: Thread is done: 线程组 login 1-1
2021-01-04 10:56:35,550 INFO o.a.j.t.JMeterThread: Thread finished: 线程组 login 1-1
2021-01-04 10:56:35,551 INFO o.a.j.e.StandardJMeterEngine: Notifying test listeners of end of test
2021-01-04 10:56:35,552 INFO o.a.j.g.u.JMeterMenuBar: setRunning(false, *local*)
2021-01-04 10:57:02,056 INFO o.a.j.e.StandardJMeterEngine: Running the test!
2021-01-04 10:57:02,056 INFO o.a.j.s.SampleEvent: List of sample_variables: []
2021-01-04 10:57:02,057 INFO o.a.j.g.u.JMeterMenuBar: setRunning(true, *local*)
2021-01-04 10:57:02,309 INFO o.a.j.e.StandardJMeterEngine: Starting ThreadGroup: 1 : 线程组 login
2021-01-04 10:57:02,309 INFO o.a.j.e.StandardJMeterEngine: Starting 1 threads for group 线程组 login.
2021-01-04 10:57:02,309 INFO o.a.j.e.StandardJMeterEngine: Thread will continue on error
2021-01-04 10:57:02,309 INFO o.a.j.t.ThreadGroup: Starting thread group... number=1 threads=1 ramp-up=1 delayedStart=false
2021-01-04 10:57:02,320 INFO o.a.j.t.ThreadGroup: Started thread group number 1
2021-01-04 10:57:02,320 INFO o.a.j.e.StandardJMeterEngine: All thread groups have been started
2021-01-04 10:57:02,321 INFO o.a.j.t.JMeterThread: Thread started: 线程组 login 1-1
2021-01-04 10:57:14,619 INFO o.a.j.t.JMeterThread: Thread is done: 线程组 login 1-1
2021-01-04 10:57:14,619 INFO o.a.j.t.JMeterThread: Thread finished: 线程组 login 1-1
2021-01-04 10:57:14,620 INFO o.a.j.e.StandardJMeterEngine: Notifying test listeners of end of test
2021-01-04 10:57:14,620 INFO o.a.j.g.u.JMeterMenuBar: setRunning(false, *local*)
2021-01-04 12:48:52,996 INFO o.a.j.e.StandardJMeterEngine: Running the test!
2021-01-04 12:48:52,999 INFO o.a.j.s.SampleEvent: List of sample_variables: []
2021-01-04 12:48:53,001 INFO o.a.j.g.u.JMeterMenuBar: setRunning(true, *local*)
2021-01-04 12:48:53,333 INFO o.a.j.e.StandardJMeterEngine: Starting ThreadGroup: 1 : 线程组 login
2021-01-04 12:48:53,333 INFO o.a.j.e.StandardJMeterEngine: Starting 1 threads for group 线程组 login.
2021-01-04 12:48:53,333 INFO o.a.j.e.StandardJMeterEngine: Thread will continue on error
2021-01-04 12:48:53,334 INFO o.a.j.t.ThreadGroup: Starting thread group... number=1 threads=1 ramp-up=1 delayedStart=false
2021-01-04 12:48:53,345 INFO o.a.j.t.ThreadGroup: Started thread group number 1
2021-01-04 12:48:53,345 INFO o.a.j.e.StandardJMeterEngine: All thread groups have been started
2021-01-04 12:48:53,346 INFO o.a.j.t.JMeterThread: Thread started: 线程组 login 1-1
2021-01-04 12:49:46,078 INFO o.a.j.t.JMeterThread: Thread is done: 线程组 login 1-1
2021-01-04 12:49:46,079 INFO o.a.j.t.JMeterThread: Thread finished: 线程组 login 1-1
2021-01-04 12:49:46,080 INFO o.a.j.e.StandardJMeterEngine: Notifying test listeners of end of test
2021-01-04 12:49:46,081 INFO o.a.j.g.u.JMeterMenuBar: setRunning(false, *local*)
2021-01-04 12:50:15,770 INFO o.a.j.e.StandardJMeterEngine: Running the test!
2021-01-04 12:50:15,771 INFO o.a.j.s.SampleEvent: List of sample_variables: []
2021-01-04 12:50:15,772 INFO o.a.j.g.u.JMeterMenuBar: setRunning(true, *local*)
2021-01-04 12:50:16,029 INFO o.a.j.e.StandardJMeterEngine: Starting ThreadGroup: 1 : 线程组 login
2021-01-04 12:50:16,030 INFO o.a.j.e.StandardJMeterEngine: Starting 1 threads for group 线程组 login.
2021-01-04 12:50:16,030 INFO o.a.j.e.StandardJMeterEngine: Thread will continue on error
2021-01-04 12:50:16,030 INFO o.a.j.t.ThreadGroup: Starting thread group... number=1 threads=1 ramp-up=1 delayedStart=false
2021-01-04 12:50:16,041 INFO o.a.j.t.ThreadGroup: Started thread group number 1
2021-01-04 12:50:16,043 INFO o.a.j.e.StandardJMeterEngine: All thread groups have been started
2021-01-04 12:50:16,046 INFO o.a.j.t.JMeterThread: Thread started: 线程组 login 1-1
2021-01-04 12:50:55,826 INFO o.a.j.t.JMeterThread: Thread is done: 线程组 login 1-1
2021-01-04 12:50:55,827 INFO o.a.j.t.JMeterThread: Thread finished: 线程组 login 1-1
2021-01-04 12:50:55,828 INFO o.a.j.e.StandardJMeterEngine: Notifying test listeners of end of test
2021-01-04 12:50:55,829 INFO o.a.j.g.u.JMeterMenuBar: setRunning(false, *local*)
2021-01-04 12:59:29,878 INFO o.a.j.e.StandardJMeterEngine: Running the test!
2021-01-04 12:59:29,880 INFO o.a.j.s.SampleEvent: List of sample_variables: []
2021-01-04 12:59:29,881 INFO o.a.j.g.u.JMeterMenuBar: setRunning(true, *local*)
2021-01-04 12:59:30,120 INFO o.a.j.e.StandardJMeterEngine: Starting ThreadGroup: 1 : 线程组 login
2021-01-04 12:59:30,121 INFO o.a.j.e.StandardJMeterEngine: Starting 1 threads for group 线程组 login.
2021-01-04 12:59:30,121 INFO o.a.j.e.StandardJMeterEngine: Thread will continue on error
2021-01-04 12:59:30,121 INFO o.a.j.t.ThreadGroup: Starting thread group... number=1 threads=1 ramp-up=1 delayedStart=false
2021-01-04 12:59:30,135 INFO o.a.j.t.ThreadGroup: Started thread group number 1
2021-01-04 12:59:30,135 INFO o.a.j.e.StandardJMeterEngine: All thread groups have been started
2021-01-04 12:59:30,137 INFO o.a.j.t.JMeterThread: Thread started: 线程组 login 1-1
2021-01-04 12:59:36,482 INFO o.a.j.t.JMeterThread: Thread is done: 线程组 login 1-1
2021-01-04 12:59:36,482 INFO o.a.j.t.JMeterThread: Thread finished: 线程组 login 1-1
2021-01-04 12:59:36,486 INFO o.a.j.e.StandardJMeterEngine: Notifying test listeners of end of test
2021-01-04 12:59:36,486 INFO o.a.j.g.u.JMeterMenuBar: setRunning(false, *local*)
2021-01-04 12:59:46,751 INFO o.a.j.e.StandardJMeterEngine: Running the test!
2021-01-04 12:59:46,751 INFO o.a.j.s.SampleEvent: List of sample_variables: []
2021-01-04 12:59:46,753 INFO o.a.j.g.u.JMeterMenuBar: setRunning(true, *local*)
2021-01-04 12:59:46,972 INFO o.a.j.e.StandardJMeterEngine: Starting ThreadGroup: 1 : 线程组 login
2021-01-04 12:59:46,973 INFO o.a.j.e.StandardJMeterEngine: Starting 1 threads for group 线程组 login.
2021-01-04 12:59:46,973 INFO o.a.j.e.StandardJMeterEngine: Thread will continue on error
2021-01-04 12:59:46,973 INFO o.a.j.t.ThreadGroup: Starting thread group... number=1 threads=1 ramp-up=1 delayedStart=false
2021-01-04 12:59:46,981 INFO o.a.j.t.ThreadGroup: Started thread group number 1
2021-01-04 12:59:46,981 INFO o.a.j.e.StandardJMeterEngine: All thread groups have been started
2021-01-04 12:59:46,981 INFO o.a.j.t.JMeterThread: Thread started: 线程组 login 1-1
2021-01-04 13:00:42,510 INFO o.a.j.t.JMeterThread: Thread is done: 线程组 login 1-1
2021-01-04 13:00:42,511 INFO o.a.j.t.JMeterThread: Thread finished: 线程组 login 1-1
2021-01-04 13:00:42,514 INFO o.a.j.e.StandardJMeterEngine: Notifying test listeners of end of test
2021-01-04 13:00:42,515 INFO o.a.j.g.u.JMeterMenuBar: setRunning(false, *local*)
2021-01-04 13:00:58,841 INFO o.a.j.e.StandardJMeterEngine: Running the test!
2021-01-04 13:00:58,842 INFO o.a.j.s.SampleEvent: List of sample_variables: []
2021-01-04 13:00:58,843 INFO o.a.j.g.u.JMeterMenuBar: setRunning(true, *local*)
2021-01-04 13:00:59,075 INFO o.a.j.e.StandardJMeterEngine: Starting ThreadGroup: 1 : 线程组 login
2021-01-04 13:00:59,075 INFO o.a.j.e.StandardJMeterEngine: Starting 1 threads for group 线程组 login.
2021-01-04 13:00:59,075 INFO o.a.j.e.StandardJMeterEngine: Thread will continue on error
2021-01-04 13:00:59,075 INFO o.a.j.t.ThreadGroup: Starting thread group... number=1 threads=1 ramp-up=1 delayedStart=false
2021-01-04 13:00:59,083 INFO o.a.j.t.ThreadGroup: Started thread group number 1
2021-01-04 13:00:59,084 INFO o.a.j.e.StandardJMeterEngine: All thread groups have been started
2021-01-04 13:00:59,084 INFO o.a.j.t.JMeterThread: Thread started: 线程组 login 1-1
2021-01-04 13:01:04,347 INFO o.a.j.t.JMeterThread: Thread is done: 线程组 login 1-1
2021-01-04 13:01:04,347 INFO o.a.j.t.JMeterThread: Thread finished: 线程组 login 1-1
2021-01-04 13:01:04,349 INFO o.a.j.e.StandardJMeterEngine: Notifying test listeners of end of test
2021-01-04 13:01:04,350 INFO o.a.j.g.u.JMeterMenuBar: setRunning(false, *local*)
2021-01-04 13:10:28,977 INFO o.a.j.e.StandardJMeterEngine: Running the test!
2021-01-04 13:10:28,978 INFO o.a.j.s.SampleEvent: List of sample_variables: []
2021-01-04 13:10:28,978 INFO o.a.j.g.u.JMeterMenuBar: setRunning(true, *local*)
2021-01-04 13:10:29,217 INFO o.a.j.e.StandardJMeterEngine: Starting ThreadGroup: 1 : 线程组 login
2021-01-04 13:10:29,218 INFO o.a.j.e.StandardJMeterEngine: Starting 1 threads for group 线程组 login.
2021-01-04 13:10:29,218 INFO o.a.j.e.StandardJMeterEngine: Thread will continue on error
2021-01-04 13:10:29,218 INFO o.a.j.t.ThreadGroup: Starting thread group... number=1 threads=1 ramp-up=1 delayedStart=false
2021-01-04 13:10:29,227 INFO o.a.j.t.ThreadGroup: Started thread group number 1
2021-01-04 13:10:29,228 INFO o.a.j.e.StandardJMeterEngine: All thread groups have been started
2021-01-04 13:10:29,228 INFO o.a.j.t.JMeterThread: Thread started: 线程组 login 1-1
2021-01-04 13:10:52,846 INFO o.a.j.t.JMeterThread: Thread is done: 线程组 login 1-1
2021-01-04 13:10:52,846 INFO o.a.j.t.JMeterThread: Thread finished: 线程组 login 1-1
2021-01-04 13:10:52,847 INFO o.a.j.e.StandardJMeterEngine: Notifying test listeners of end of test
2021-01-04 13:10:52,848 INFO o.a.j.g.u.JMeterMenuBar: setRunning(false, *local*)
2021-01-04 13:11:26,523 INFO o.a.j.e.StandardJMeterEngine: Running the test!
2021-01-04 13:11:26,523 INFO o.a.j.s.SampleEvent: List of sample_variables: []
2021-01-04 13:11:26,527 INFO o.a.j.g.u.JMeterMenuBar: setRunning(true, *local*)
2021-01-04 13:11:26,762 INFO o.a.j.e.StandardJMeterEngine: Starting ThreadGroup: 1 : 线程组 login
2021-01-04 13:11:26,763 INFO o.a.j.e.StandardJMeterEngine: Starting 1 threads for group 线程组 login.
2021-01-04 13:11:26,763 INFO o.a.j.e.StandardJMeterEngine: Thread will continue on error
2021-01-04 13:11:26,764 INFO o.a.j.t.ThreadGroup: Starting thread group... number=1 threads=1 ramp-up=1 delayedStart=false
2021-01-04 13:11:26,776 INFO o.a.j.t.ThreadGroup: Started thread group number 1
2021-01-04 13:11:26,776 INFO o.a.j.e.StandardJMeterEngine: All thread groups have been started
2021-01-04 13:11:26,776 INFO o.a.j.t.JMeterThread: Thread started: 线程组 login 1-1
2021-01-04 13:11:34,210 INFO o.a.j.t.JMeterThread: Thread is done: 线程组 login 1-1
2021-01-04 13:11:34,210 INFO o.a.j.t.JMeterThread: Thread finished: 线程组 login 1-1
2021-01-04 13:11:34,211 INFO o.a.j.e.StandardJMeterEngine: Notifying test listeners of end of test
2021-01-04 13:11:34,211 INFO o.a.j.g.u.JMeterMenuBar: setRunning(false, *local*)
2021-01-04 13:11:54,569 INFO o.a.j.e.StandardJMeterEngine: Running the test!
2021-01-04 13:11:54,570 INFO o.a.j.s.SampleEvent: List of sample_variables: []
2021-01-04 13:11:54,570 INFO o.a.j.g.u.JMeterMenuBar: setRunning(true, *local*)
2021-01-04 13:11:54,791 INFO o.a.j.e.StandardJMeterEngine: Starting ThreadGroup: 1 : 线程组 login
2021-01-04 13:11:54,791 INFO o.a.j.e.StandardJMeterEngine: Starting 1 threads for group 线程组 login.
2021-01-04 13:11:54,791 INFO o.a.j.e.StandardJMeterEngine: Thread will continue on error
2021-01-04 13:11:54,792 INFO o.a.j.t.ThreadGroup: Starting thread group... number=1 threads=1 ramp-up=1 delayedStart=false
2021-01-04 13:11:54,802 INFO o.a.j.t.ThreadGroup: Started thread group number 1
2021-01-04 13:11:54,802 INFO o.a.j.e.StandardJMeterEngine: All thread groups have been started
2021-01-04 13:11:54,802 INFO o.a.j.t.JMeterThread: Thread started: 线程组 login 1-1
2021-01-04 13:13:28,088 INFO o.a.j.t.JMeterThread: Thread is done: 线程组 login 1-1
2021-01-04 13:13:28,088 INFO o.a.j.t.JMeterThread: Thread finished: 线程组 login 1-1
2021-01-04 13:13:28,090 INFO o.a.j.e.StandardJMeterEngine: Notifying test listeners of end of test
2021-01-04 13:13:28,091 INFO o.a.j.g.u.JMeterMenuBar: setRunning(false, *local*)
2021-01-04 13:13:43,553 INFO o.a.j.e.StandardJMeterEngine: Running the test!
2021-01-04 13:13:43,554 INFO o.a.j.s.SampleEvent: List of sample_variables: []
2021-01-04 13:13:43,555 INFO o.a.j.g.u.JMeterMenuBar: setRunning(true, *local*)
2021-01-04 13:13:43,774 INFO o.a.j.e.StandardJMeterEngine: Starting ThreadGroup: 1 : 线程组 login
2021-01-04 13:13:43,774 INFO o.a.j.e.StandardJMeterEngine: Starting 1 threads for group 线程组 login.
2021-01-04 13:13:43,774 INFO o.a.j.e.StandardJMeterEngine: Thread will continue on error
2021-01-04 13:13:43,775 INFO o.a.j.t.ThreadGroup: Starting thread group... number=1 threads=1 ramp-up=1 delayedStart=false
2021-01-04 13:13:43,782 INFO o.a.j.t.ThreadGroup: Started thread group number 1
2021-01-04 13:13:43,782 INFO o.a.j.e.StandardJMeterEngine: All thread groups have been started
2021-01-04 13:13:43,783 INFO o.a.j.t.JMeterThread: Thread started: 线程组 login 1-1
2021-01-04 13:14:20,323 INFO o.a.j.t.JMeterThread: Thread is done: 线程组 login 1-1
2021-01-04 13:14:20,323 INFO o.a.j.t.JMeterThread: Thread finished: 线程组 login 1-1
2021-01-04 13:14:20,324 INFO o.a.j.e.StandardJMeterEngine: Notifying test listeners of end of test
2021-01-04 13:14:20,324 INFO o.a.j.g.u.JMeterMenuBar: setRunning(false, *local*)
2021-01-04 13:14:48,377 INFO o.a.j.e.StandardJMeterEngine: Running the test!
2021-01-04 13:14:48,378 INFO o.a.j.s.SampleEvent: List of sample_variables: []
2021-01-04 13:14:48,379 INFO o.a.j.g.u.JMeterMenuBar: setRunning(true, *local*)
2021-01-04 13:14:48,605 INFO o.a.j.e.StandardJMeterEngine: Starting ThreadGroup: 1 : 线程组 login
2021-01-04 13:14:48,606 INFO o.a.j.e.StandardJMeterEngine: Starting 1 threads for group 线程组 login.
2021-01-04 13:14:48,606 INFO o.a.j.e.StandardJMeterEngine: Thread will continue on error
2021-01-04 13:14:48,606 INFO o.a.j.t.ThreadGroup: Starting thread group... number=1 threads=1 ramp-up=1 delayedStart=false
2021-01-04 13:14:48,617 INFO o.a.j.t.ThreadGroup: Started thread group number 1
2021-01-04 13:14:48,618 INFO o.a.j.e.StandardJMeterEngine: All thread groups have been started
2021-01-04 13:14:48,621 INFO o.a.j.t.JMeterThread: Thread started: 线程组 login 1-1
2021-01-04 13:15:58,751 INFO o.a.j.t.JMeterThread: Thread is done: 线程组 login 1-1
2021-01-04 13:15:58,751 INFO o.a.j.t.JMeterThread: Thread finished: 线程组 login 1-1
2021-01-04 13:15:58,752 INFO o.a.j.e.StandardJMeterEngine: Notifying test listeners of end of test
2021-01-04 13:15:58,753 INFO o.a.j.g.u.JMeterMenuBar: setRunning(false, *local*)
2021-01-04 13:35:18,272 INFO o.a.j.e.StandardJMeterEngine: Running the test!
2021-01-04 13:35:18,273 INFO o.a.j.s.SampleEvent: List of sample_variables: []
2021-01-04 13:35:18,275 INFO o.a.j.g.u.JMeterMenuBar: setRunning(true, *local*)
2021-01-04 13:35:18,514 INFO o.a.j.e.StandardJMeterEngine: Starting ThreadGroup: 1 : 线程组 login
2021-01-04 13:35:18,515 INFO o.a.j.e.StandardJMeterEngine: Starting 1 threads for group 线程组 login.
2021-01-04 13:35:18,515 INFO o.a.j.e.StandardJMeterEngine: Thread will continue on error
2021-01-04 13:35:18,517 INFO o.a.j.t.ThreadGroup: Starting thread group... number=1 threads=1 ramp-up=1 delayedStart=false
2021-01-04 13:35:18,525 INFO o.a.j.t.ThreadGroup: Started thread group number 1
2021-01-04 13:35:18,525 INFO o.a.j.e.StandardJMeterEngine: All thread groups have been started
2021-01-04 13:35:18,527 INFO o.a.j.t.JMeterThread: Thread started: 线程组 login 1-1
2021-01-04 13:35:33,553 INFO o.a.j.t.JMeterThread: Thread is done: 线程组 login 1-1
2021-01-04 13:35:33,553 INFO o.a.j.t.JMeterThread: Thread finished: 线程组 login 1-1
2021-01-04 13:35:33,554 INFO o.a.j.e.StandardJMeterEngine: Notifying test listeners of end of test
2021-01-04 13:35:33,555 INFO o.a.j.g.u.JMeterMenuBar: setRunning(false, *local*)
2021-01-04 13:35:53,342 INFO o.a.j.e.StandardJMeterEngine: Running the test!
2021-01-04 13:35:53,343 INFO o.a.j.s.SampleEvent: List of sample_variables: []
2021-01-04 13:35:53,344 INFO o.a.j.g.u.JMeterMenuBar: setRunning(true, *local*)
2021-01-04 13:35:53,577 INFO o.a.j.e.StandardJMeterEngine: Starting ThreadGroup: 1 : 线程组 login
2021-01-04 13:35:53,577 INFO o.a.j.e.StandardJMeterEngine: Starting 1 threads for group 线程组 login.
2021-01-04 13:35:53,577 INFO o.a.j.e.StandardJMeterEngine: Thread will continue on error
2021-01-04 13:35:53,578 INFO o.a.j.t.ThreadGroup: Starting thread group... number=1 threads=1 ramp-up=1 delayedStart=false
2021-01-04 13:35:53,588 INFO o.a.j.t.ThreadGroup: Started thread group number 1
2021-01-04 13:35:53,589 INFO o.a.j.e.StandardJMeterEngine: All thread groups have been started
2021-01-04 13:35:53,590 INFO o.a.j.t.JMeterThread: Thread started: 线程组 login 1-1
2021-01-04 13:36:09,059 INFO o.a.j.t.JMeterThread: Thread is done: 线程组 login 1-1
2021-01-04 13:36:09,059 INFO o.a.j.t.JMeterThread: Thread finished: 线程组 login 1-1
2021-01-04 13:36:09,059 INFO o.a.j.e.StandardJMeterEngine: Notifying test listeners of end of test
2021-01-04 13:36:09,060 INFO o.a.j.g.u.JMeterMenuBar: setRunning(false, *local*)
2021-01-04 13:36:26,365 INFO o.a.j.e.StandardJMeterEngine: Running the test!
2021-01-04 13:36:26,366 INFO o.a.j.s.SampleEvent: List of sample_variables: []
2021-01-04 13:36:26,367 INFO o.a.j.g.u.JMeterMenuBar: setRunning(true, *local*)
2021-01-04 13:36:26,591 INFO o.a.j.e.StandardJMeterEngine: Starting ThreadGroup: 1 : 线程组 login
2021-01-04 13:36:26,591 INFO o.a.j.e.StandardJMeterEngine: Starting 1 threads for group 线程组 login.
2021-01-04 13:36:26,591 INFO o.a.j.e.StandardJMeterEngine: Thread will continue on error
2021-01-04 13:36:26,592 INFO o.a.j.t.ThreadGroup: Starting thread group... number=1 threads=1 ramp-up=1 delayedStart=false
2021-01-04 13:36:26,599 INFO o.a.j.t.ThreadGroup: Started thread group number 1
2021-01-04 13:36:26,599 INFO o.a.j.e.StandardJMeterEngine: All thread groups have been started
2021-01-04 13:36:26,599 INFO o.a.j.t.JMeterThread: Thread started: 线程组 login 1-1
2021-01-04 13:36:54,929 INFO o.a.j.t.JMeterThread: Thread is done: 线程组 login 1-1
2021-01-04 13:36:54,930 INFO o.a.j.t.JMeterThread: Thread finished: 线程组 login 1-1
2021-01-04 13:36:54,930 INFO o.a.j.e.StandardJMeterEngine: Notifying test listeners of end of test
2021-01-04 13:36:54,931 INFO o.a.j.g.u.JMeterMenuBar: setRunning(false, *local*)
2021-01-04 14:27:06,515 INFO o.a.j.e.StandardJMeterEngine: Running the test!
2021-01-04 14:27:06,515 INFO o.a.j.s.SampleEvent: List of sample_variables: []
2021-01-04 14:27:06,516 INFO o.a.j.g.u.JMeterMenuBar: setRunning(true, *local*)
2021-01-04 14:27:06,883 INFO o.a.j.e.StandardJMeterEngine: Starting ThreadGroup: 1 : 线程组 login
2021-01-04 14:27:06,885 INFO o.a.j.e.StandardJMeterEngine: Starting 1 threads for group 线程组 login.
2021-01-04 14:27:06,885 INFO o.a.j.e.StandardJMeterEngine: Thread will continue on error
2021-01-04 14:27:06,885 INFO o.a.j.t.ThreadGroup: Starting thread group... number=1 threads=1 ramp-up=1 delayedStart=false
2021-01-04 14:27:06,894 INFO o.a.j.t.ThreadGroup: Started thread group number 1
2021-01-04 14:27:06,895 INFO o.a.j.e.StandardJMeterEngine: All thread groups have been started
2021-01-04 14:27:06,896 INFO o.a.j.t.JMeterThread: Thread started: 线程组 login 1-1
2021-01-04 14:27:12,103 INFO o.a.j.t.JMeterThread: Thread is done: 线程组 login 1-1
2021-01-04 14:27:12,104 INFO o.a.j.t.JMeterThread: Thread finished: 线程组 login 1-1
2021-01-04 14:27:12,105 INFO o.a.j.e.StandardJMeterEngine: Notifying test listeners of end of test
2021-01-04 14:27:12,105 INFO o.a.j.g.u.JMeterMenuBar: setRunning(false, *local*)
2021-01-04 14:27:40,734 INFO o.a.j.e.StandardJMeterEngine: Running the test!
2021-01-04 14:27:40,735 INFO o.a.j.s.SampleEvent: List of sample_variables: []
2021-01-04 14:27:40,736 INFO o.a.j.g.u.JMeterMenuBar: setRunning(true, *local*)
2021-01-04 14:27:40,745 INFO o.a.j.e.StandardJMeterEngine: Starting ThreadGroup: 1 : 线程组 login
2021-01-04 14:27:40,745 INFO o.a.j.e.StandardJMeterEngine: Starting 1 threads for group 线程组 login.
2021-01-04 14:27:40,745 INFO o.a.j.e.StandardJMeterEngine: Thread will continue on error
2021-01-04 14:27:40,745 INFO o.a.j.t.ThreadGroup: Starting thread group... number=1 threads=1 ramp-up=1 delayedStart=false
2021-01-04 14:27:40,751 INFO o.a.j.t.ThreadGroup: Started thread group number 1
2021-01-04 14:27:40,752 INFO o.a.j.e.StandardJMeterEngine: All thread groups have been started
2021-01-04 14:27:40,752 INFO o.a.j.t.JMeterThread: Thread started: 线程组 login 1-1
2021-01-04 14:28:03,902 INFO o.a.j.t.JMeterThread: Thread is done: 线程组 login 1-1
2021-01-04 14:28:03,903 INFO o.a.j.t.JMeterThread: Thread finished: 线程组 login 1-1
2021-01-04 14:28:03,903 INFO o.a.j.e.StandardJMeterEngine: Notifying test listeners of end of test
2021-01-04 14:28:03,904 INFO o.a.j.g.u.JMeterMenuBar: setRunning(false, *local*)
2021-01-04 14:28:15,814 INFO o.a.j.e.StandardJMeterEngine: Running the test!
2021-01-04 14:28:15,815 INFO o.a.j.s.SampleEvent: List of sample_variables: []
2021-01-04 14:28:15,815 INFO o.a.j.g.u.JMeterMenuBar: setRunning(true, *local*)
2021-01-04 14:28:15,823 INFO o.a.j.e.StandardJMeterEngine: Starting ThreadGroup: 1 : 线程组 login
2021-01-04 14:28:15,823 INFO o.a.j.e.StandardJMeterEngine: Starting 1 threads for group 线程组 login.
2021-01-04 14:28:15,823 INFO o.a.j.e.StandardJMeterEngine: Thread will continue on error
2021-01-04 14:28:15,823 INFO o.a.j.t.ThreadGroup: Starting thread group... number=1 threads=1 ramp-up=1 delayedStart=false
2021-01-04 14:28:15,840 INFO o.a.j.t.JMeterThread: Thread started: 线程组 login 1-1
2021-01-04 14:28:15,840 INFO o.a.j.t.ThreadGroup: Started thread group number 1
2021-01-04 14:28:15,844 INFO o.a.j.e.StandardJMeterEngine: All thread groups have been started
2021-01-04 14:28:34,779 INFO o.a.j.t.JMeterThread: Thread is done: 线程组 login 1-1
2021-01-04 14:28:34,780 INFO o.a.j.t.JMeterThread: Thread finished: 线程组 login 1-1
2021-01-04 14:28:34,782 INFO o.a.j.e.StandardJMeterEngine: Notifying test listeners of end of test
2021-01-04 14:28:34,783 INFO o.a.j.g.u.JMeterMenuBar: setRunning(false, *local*)
2021-01-04 14:28:50,278 INFO o.a.j.e.StandardJMeterEngine: Running the test!
2021-01-04 14:28:50,279 INFO o.a.j.s.SampleEvent: List of sample_variables: []
2021-01-04 14:28:50,280 INFO o.a.j.g.u.JMeterMenuBar: setRunning(true, *local*)
2021-01-04 14:28:50,533 INFO o.a.j.e.StandardJMeterEngine: Starting ThreadGroup: 1 : 线程组 login
2021-01-04 14:28:50,534 INFO o.a.j.e.StandardJMeterEngine: Starting 1 threads for group 线程组 login.
2021-01-04 14:28:50,534 INFO o.a.j.e.StandardJMeterEngine: Thread will continue on error
2021-01-04 14:28:50,534 INFO o.a.j.t.ThreadGroup: Starting thread group... number=1 threads=1 ramp-up=1 delayedStart=false
2021-01-04 14:28:50,542 INFO o.a.j.t.ThreadGroup: Started thread group number 1
2021-01-04 14:28:50,543 INFO o.a.j.e.StandardJMeterEngine: All thread groups have been started
2021-01-04 14:28:50,543 INFO o.a.j.t.JMeterThread: Thread started: 线程组 login 1-1
2021-01-04 14:29:04,409 INFO o.a.j.t.JMeterThread: Thread is done: 线程组 login 1-1
2021-01-04 14:29:04,409 INFO o.a.j.t.JMeterThread: Thread finished: 线程组 login 1-1
2021-01-04 14:29:04,410 INFO o.a.j.e.StandardJMeterEngine: Notifying test listeners of end of test
2021-01-04 14:29:04,411 INFO o.a.j.g.u.JMeterMenuBar: setRunning(false, *local*)
