2021-01-18 14:03:29,732 INFO o.a.j.u.JMeterUtils: Setting Locale to en_EN
2021-01-18 14:03:29,883 INFO o.a.j.JMeter: Loading user properties from: D:\testing_tools\apache-jmeter-5.1.1\bin\user.properties
2021-01-18 14:03:29,891 INFO o.a.j.JMeter: Loading system properties from: D:\testing_tools\apache-jmeter-5.1.1\bin\system.properties
2021-01-18 14:03:29,922 INFO o.a.j.JMeter: Copyright (c) 1998-2019 The Apache Software Foundation
2021-01-18 14:03:29,923 INFO o.a.j.JMeter: Version 5.1.1 r1855137
2021-01-18 14:03:29,923 INFO o.a.j.JMeter: java.version=9.0.4
2021-01-18 14:03:29,923 INFO o.a.j.JMeter: java.vm.name=Java HotSpot(TM) 64-Bit Server VM
2021-01-18 14:03:29,924 INFO o.a.j.JMeter: os.name=Windows 7
2021-01-18 14:03:29,924 INFO o.a.j.JMeter: os.arch=amd64
2021-01-18 14:03:29,925 INFO o.a.j.JMeter: os.version=6.1
2021-01-18 14:03:29,925 INFO o.a.j.JMeter: file.encoding=GBK
2021-01-18 14:03:29,926 INFO o.a.j.JMeter: java.awt.headless=null
2021-01-18 14:03:29,926 INFO o.a.j.JMeter: Max memory     =1073741824
2021-01-18 14:03:29,927 INFO o.a.j.JMeter: Available Processors =4
2021-01-18 14:03:29,967 INFO o.a.j.JMeter: Default Locale=English (EN)
2021-01-18 14:03:29,970 INFO o.a.j.JMeter: JMeter  Locale=English (EN)
2021-01-18 14:03:29,970 INFO o.a.j.JMeter: JMeterHome=D:\testing_tools\apache-jmeter-5.1.1
2021-01-18 14:03:29,970 INFO o.a.j.JMeter: user.dir  =D:\testing_tools\my_git\JavaScript\vue.js\vue-demo
2021-01-18 14:03:29,972 INFO o.a.j.JMeter: PWD       =D:\testing_tools\my_git\JavaScript\vue.js\vue-demo
2021-01-18 14:03:29,974 INFO o.a.j.JMeter: IP: 192.168.0.120 Name: Mico-2020OBOGLC FullName: Mico-2020OBOGLC
2021-01-18 14:03:32,959 INFO o.a.j.g.a.LookAndFeelCommand: Installing Darcula LAF
2021-01-18 14:03:32,991 INFO o.a.j.g.a.LookAndFeelCommand: Using look and feel: javax.swing.plaf.nimbus.NimbusLookAndFeel [Darcula]
2021-01-18 14:03:32,992 INFO o.a.j.JMeter: Setting LAF to: javax.swing.plaf.nimbus.NimbusLookAndFeel
2021-01-18 14:03:33,311 INFO o.a.j.JMeter: Loaded icon properties from org/apache/jmeter/images/icon.properties
2021-01-18 14:03:41,699 INFO o.a.j.p.h.s.HTTPSamplerBase: Parser for text/html is org.apache.jmeter.protocol.http.parser.LagartoBasedHtmlParser
2021-01-18 14:03:41,702 INFO o.a.j.p.h.s.HTTPSamplerBase: Parser for application/xhtml+xml is org.apache.jmeter.protocol.http.parser.LagartoBasedHtmlParser
2021-01-18 14:03:41,703 INFO o.a.j.p.h.s.HTTPSamplerBase: Parser for application/xml is org.apache.jmeter.protocol.http.parser.LagartoBasedHtmlParser
2021-01-18 14:03:41,704 INFO o.a.j.p.h.s.HTTPSamplerBase: Parser for text/xml is org.apache.jmeter.protocol.http.parser.LagartoBasedHtmlParser
2021-01-18 14:03:41,704 INFO o.a.j.p.h.s.HTTPSamplerBase: Parser for text/vnd.wap.wml is org.apache.jmeter.protocol.http.parser.RegexpHTMLParser
2021-01-18 14:03:41,705 INFO o.a.j.p.h.s.HTTPSamplerBase: Parser for text/css is org.apache.jmeter.protocol.http.parser.CssParser
2021-01-18 14:03:44,695 INFO o.a.j.e.KeyToolUtils: keytool found at 'keytool'
2021-01-18 14:03:44,698 INFO o.a.j.p.h.p.ProxyControl: HTTP(S) Test Script Recorder SSL Proxy will use keys that support embedded 3rd party resources in file D:\testing_tools\apache-jmeter-5.1.1\bin\proxyserver.jks
2021-01-18 14:03:45,469 INFO o.a.j.s.FileServer: Default base='D:\testing_tools\my_git\JavaScript\vue.js\vue-demo'
2021-01-18 14:03:48,546 INFO o.a.j.s.SampleResult: Note: Sample TimeStamps are START times
2021-01-18 14:03:48,546 INFO o.a.j.s.SampleResult: sampleresult.default.encoding is set to ISO-8859-1
2021-01-18 14:03:48,547 INFO o.a.j.s.SampleResult: sampleresult.useNanoTime=true
2021-01-18 14:03:48,548 INFO o.a.j.s.SampleResult: sampleresult.nanoThreadSleep=5000
2021-01-18 14:04:14,445 INFO o.a.j.g.a.Load: Loading file: D:\testing_tools\my_git\top\top 前台 login.jmx
2021-01-18 14:04:14,445 INFO o.a.j.s.FileServer: Set new base='D:\testing_tools\my_git\top'
2021-01-18 14:04:14,753 INFO o.a.j.s.SaveService: Testplan (JMX) version: 2.2. Testlog (JTL) version: 2.2
2021-01-18 14:04:14,789 INFO o.a.j.s.SaveService: Using SaveService properties version 5.0
2021-01-18 14:04:14,794 INFO o.a.j.s.SaveService: Using SaveService properties file encoding UTF-8
2021-01-18 14:04:14,797 INFO o.a.j.s.SaveService: Loading file: D:\testing_tools\my_git\top\top 前台 login.jmx
2021-01-18 14:04:15,776 INFO o.a.j.s.FileServer: Set new base='D:\testing_tools\my_git\top'
2021-01-18 14:04:31,692 INFO o.a.j.e.StandardJMeterEngine: Running the test!
2021-01-18 14:04:31,703 INFO o.a.j.s.SampleEvent: List of sample_variables: []
2021-01-18 14:04:31,704 INFO o.a.j.s.SampleEvent: List of sample_variables: []
2021-01-18 14:04:31,715 INFO o.a.j.e.u.CompoundVariable: Note: Function class names must contain the string: '.functions.'
2021-01-18 14:04:31,716 INFO o.a.j.e.u.CompoundVariable: Note: Function class names must not contain the string: '.gui.'
2021-01-18 14:04:33,222 INFO o.a.j.g.u.JMeterMenuBar: setRunning(true, *local*)
2021-01-18 14:04:33,914 INFO o.a.j.e.StandardJMeterEngine: Starting ThreadGroup: 1 : 线程组 login
2021-01-18 14:04:33,917 INFO o.a.j.e.StandardJMeterEngine: Starting 1 threads for group 线程组 login.
2021-01-18 14:04:33,918 INFO o.a.j.e.StandardJMeterEngine: Thread will continue on error
2021-01-18 14:04:33,919 INFO o.a.j.t.ThreadGroup: Starting thread group... number=1 threads=1 ramp-up=1 delayedStart=false
2021-01-18 14:04:33,954 INFO o.a.j.t.ThreadGroup: Started thread group number 1
2021-01-18 14:04:33,957 INFO o.a.j.e.StandardJMeterEngine: All thread groups have been started
2021-01-18 14:04:33,962 INFO o.a.j.t.JMeterThread: Thread started: 线程组 login 1-1
2021-01-18 14:04:34,048 INFO o.a.j.p.h.s.HTTPHCAbstractImpl: Local host = Mico-2020OBOGLC
2021-01-18 14:04:34,082 INFO o.a.j.p.h.s.HTTPHC4Impl: HTTP request retry count = 0
2021-01-18 14:04:34,332 INFO o.a.j.t.JMeterThread: Thread is done: 线程组 login 1-1
2021-01-18 14:04:34,333 INFO o.a.j.t.JMeterThread: Thread finished: 线程组 login 1-1
2021-01-18 14:04:34,334 INFO o.a.j.e.StandardJMeterEngine: Notifying test listeners of end of test
2021-01-18 14:04:34,335 INFO o.a.j.g.u.JMeterMenuBar: setRunning(false, *local*)
2021-01-18 14:05:19,221 INFO o.a.j.e.StandardJMeterEngine: Running the test!
2021-01-18 14:05:19,222 INFO o.a.j.s.SampleEvent: List of sample_variables: []
2021-01-18 14:05:19,228 INFO o.a.j.g.u.JMeterMenuBar: setRunning(true, *local*)
2021-01-18 14:05:19,521 INFO o.a.j.e.StandardJMeterEngine: Starting ThreadGroup: 1 : 线程组 login
2021-01-18 14:05:19,522 INFO o.a.j.e.StandardJMeterEngine: Starting 1 threads for group 线程组 login.
2021-01-18 14:05:19,522 INFO o.a.j.e.StandardJMeterEngine: Thread will continue on error
2021-01-18 14:05:19,522 INFO o.a.j.t.ThreadGroup: Starting thread group... number=1 threads=1 ramp-up=1 delayedStart=false
2021-01-18 14:05:19,544 INFO o.a.j.t.ThreadGroup: Started thread group number 1
2021-01-18 14:05:19,544 INFO o.a.j.e.StandardJMeterEngine: All thread groups have been started
2021-01-18 14:05:19,548 INFO o.a.j.t.JMeterThread: Thread started: 线程组 login 1-1
2021-01-18 14:05:19,831 INFO o.a.j.t.JMeterThread: Thread is done: 线程组 login 1-1
2021-01-18 14:05:19,831 INFO o.a.j.t.JMeterThread: Thread finished: 线程组 login 1-1
2021-01-18 14:05:19,833 INFO o.a.j.e.StandardJMeterEngine: Notifying test listeners of end of test
2021-01-18 14:05:19,833 INFO o.a.j.g.u.JMeterMenuBar: setRunning(false, *local*)
2021-01-18 14:05:30,954 INFO o.a.j.e.StandardJMeterEngine: Running the test!
2021-01-18 14:05:30,955 INFO o.a.j.s.SampleEvent: List of sample_variables: []
2021-01-18 14:05:30,959 INFO o.a.j.g.u.JMeterMenuBar: setRunning(true, *local*)
2021-01-18 14:05:31,265 INFO o.a.j.e.StandardJMeterEngine: Starting ThreadGroup: 1 : 线程组 login
2021-01-18 14:05:31,266 INFO o.a.j.e.StandardJMeterEngine: Starting 1 threads for group 线程组 login.
2021-01-18 14:05:31,266 INFO o.a.j.e.StandardJMeterEngine: Thread will continue on error
2021-01-18 14:05:31,267 INFO o.a.j.t.ThreadGroup: Starting thread group... number=1 threads=1 ramp-up=1 delayedStart=false
2021-01-18 14:05:31,281 INFO o.a.j.t.ThreadGroup: Started thread group number 1
2021-01-18 14:05:31,282 INFO o.a.j.e.StandardJMeterEngine: All thread groups have been started
2021-01-18 14:05:31,287 INFO o.a.j.t.JMeterThread: Thread started: 线程组 login 1-1
2021-01-18 14:05:31,323 INFO o.a.j.t.JMeterThread: Thread is done: 线程组 login 1-1
2021-01-18 14:05:31,323 INFO o.a.j.t.JMeterThread: Thread finished: 线程组 login 1-1
2021-01-18 14:05:31,324 INFO o.a.j.e.StandardJMeterEngine: Notifying test listeners of end of test
2021-01-18 14:05:31,325 INFO o.a.j.g.u.JMeterMenuBar: setRunning(false, *local*)
2021-01-18 14:05:51,487 INFO o.a.j.e.StandardJMeterEngine: Running the test!
2021-01-18 14:05:51,488 INFO o.a.j.s.SampleEvent: List of sample_variables: []
2021-01-18 14:05:51,492 INFO o.a.j.g.u.JMeterMenuBar: setRunning(true, *local*)
2021-01-18 14:05:51,750 INFO o.a.j.e.StandardJMeterEngine: Starting ThreadGroup: 1 : 线程组 login
2021-01-18 14:05:51,750 INFO o.a.j.e.StandardJMeterEngine: Starting 1 threads for group 线程组 login.
2021-01-18 14:05:51,750 INFO o.a.j.e.StandardJMeterEngine: Thread will continue on error
2021-01-18 14:05:51,750 INFO o.a.j.t.ThreadGroup: Starting thread group... number=1 threads=1 ramp-up=1 delayedStart=false
2021-01-18 14:05:51,769 INFO o.a.j.t.ThreadGroup: Started thread group number 1
2021-01-18 14:05:51,770 INFO o.a.j.e.StandardJMeterEngine: All thread groups have been started
2021-01-18 14:05:51,771 INFO o.a.j.t.JMeterThread: Thread started: 线程组 login 1-1
2021-01-18 14:05:51,937 INFO o.a.j.t.JMeterThread: Thread is done: 线程组 login 1-1
2021-01-18 14:05:51,937 INFO o.a.j.t.JMeterThread: Thread finished: 线程组 login 1-1
2021-01-18 14:05:51,937 INFO o.a.j.e.StandardJMeterEngine: Notifying test listeners of end of test
2021-01-18 14:05:51,938 INFO o.a.j.g.u.JMeterMenuBar: setRunning(false, *local*)
2021-01-18 14:06:00,023 INFO o.a.j.e.StandardJMeterEngine: Running the test!
2021-01-18 14:06:00,024 INFO o.a.j.s.SampleEvent: List of sample_variables: []
2021-01-18 14:06:00,025 INFO o.a.j.g.u.JMeterMenuBar: setRunning(true, *local*)
2021-01-18 14:06:00,268 INFO o.a.j.e.StandardJMeterEngine: Starting ThreadGroup: 1 : 线程组 login
2021-01-18 14:06:00,268 INFO o.a.j.e.StandardJMeterEngine: Starting 1 threads for group 线程组 login.
2021-01-18 14:06:00,268 INFO o.a.j.e.StandardJMeterEngine: Thread will continue on error
2021-01-18 14:06:00,269 INFO o.a.j.t.ThreadGroup: Starting thread group... number=1 threads=1 ramp-up=1 delayedStart=false
2021-01-18 14:06:00,285 INFO o.a.j.t.ThreadGroup: Started thread group number 1
2021-01-18 14:06:00,285 INFO o.a.j.e.StandardJMeterEngine: All thread groups have been started
2021-01-18 14:06:00,287 INFO o.a.j.t.JMeterThread: Thread started: 线程组 login 1-1
2021-01-18 14:06:00,341 INFO o.a.j.t.JMeterThread: Thread is done: 线程组 login 1-1
2021-01-18 14:06:00,341 INFO o.a.j.t.JMeterThread: Thread finished: 线程组 login 1-1
2021-01-18 14:06:00,342 INFO o.a.j.e.StandardJMeterEngine: Notifying test listeners of end of test
2021-01-18 14:06:00,343 INFO o.a.j.g.u.JMeterMenuBar: setRunning(false, *local*)
2021-01-18 14:06:11,625 INFO o.a.j.e.StandardJMeterEngine: Running the test!
2021-01-18 14:06:11,626 INFO o.a.j.s.SampleEvent: List of sample_variables: []
2021-01-18 14:06:11,627 INFO o.a.j.g.u.JMeterMenuBar: setRunning(true, *local*)
2021-01-18 14:06:11,872 INFO o.a.j.e.StandardJMeterEngine: Starting ThreadGroup: 1 : 线程组 login
2021-01-18 14:06:11,872 INFO o.a.j.e.StandardJMeterEngine: Starting 1 threads for group 线程组 login.
2021-01-18 14:06:11,872 INFO o.a.j.e.StandardJMeterEngine: Thread will continue on error
2021-01-18 14:06:11,873 INFO o.a.j.t.ThreadGroup: Starting thread group... number=1 threads=1 ramp-up=1 delayedStart=false
2021-01-18 14:06:11,885 INFO o.a.j.t.ThreadGroup: Started thread group number 1
2021-01-18 14:06:11,893 INFO o.a.j.e.StandardJMeterEngine: All thread groups have been started
2021-01-18 14:06:11,891 INFO o.a.j.t.JMeterThread: Thread started: 线程组 login 1-1
2021-01-18 14:06:12,351 INFO o.a.j.t.JMeterThread: Thread is done: 线程组 login 1-1
2021-01-18 14:06:12,351 INFO o.a.j.t.JMeterThread: Thread finished: 线程组 login 1-1
2021-01-18 14:06:12,352 INFO o.a.j.e.StandardJMeterEngine: Notifying test listeners of end of test
2021-01-18 14:06:12,352 INFO o.a.j.g.u.JMeterMenuBar: setRunning(false, *local*)
2021-01-18 14:06:26,338 INFO o.a.j.e.StandardJMeterEngine: Running the test!
2021-01-18 14:06:26,339 INFO o.a.j.s.SampleEvent: List of sample_variables: []
2021-01-18 14:06:26,341 INFO o.a.j.g.u.JMeterMenuBar: setRunning(true, *local*)
2021-01-18 14:06:26,591 INFO o.a.j.e.StandardJMeterEngine: Starting ThreadGroup: 1 : 线程组 login
2021-01-18 14:06:26,592 INFO o.a.j.e.StandardJMeterEngine: Starting 1 threads for group 线程组 login.
2021-01-18 14:06:26,592 INFO o.a.j.e.StandardJMeterEngine: Thread will continue on error
2021-01-18 14:06:26,592 INFO o.a.j.t.ThreadGroup: Starting thread group... number=1 threads=1 ramp-up=1 delayedStart=false
2021-01-18 14:06:26,604 INFO o.a.j.t.ThreadGroup: Started thread group number 1
2021-01-18 14:06:26,605 INFO o.a.j.e.StandardJMeterEngine: All thread groups have been started
2021-01-18 14:06:26,605 INFO o.a.j.t.JMeterThread: Thread started: 线程组 login 1-1
2021-01-18 14:06:27,186 INFO o.a.j.t.JMeterThread: Thread is done: 线程组 login 1-1
2021-01-18 14:06:27,186 INFO o.a.j.t.JMeterThread: Thread finished: 线程组 login 1-1
2021-01-18 14:06:27,188 INFO o.a.j.e.StandardJMeterEngine: Notifying test listeners of end of test
2021-01-18 14:06:27,188 INFO o.a.j.g.u.JMeterMenuBar: setRunning(false, *local*)
2021-01-18 14:06:34,160 INFO o.a.j.e.StandardJMeterEngine: Running the test!
2021-01-18 14:06:34,161 INFO o.a.j.s.SampleEvent: List of sample_variables: []
2021-01-18 14:06:34,163 INFO o.a.j.g.u.JMeterMenuBar: setRunning(true, *local*)
2021-01-18 14:06:34,401 INFO o.a.j.e.StandardJMeterEngine: Starting ThreadGroup: 1 : 线程组 login
2021-01-18 14:06:34,401 INFO o.a.j.e.StandardJMeterEngine: Starting 1 threads for group 线程组 login.
2021-01-18 14:06:34,402 INFO o.a.j.e.StandardJMeterEngine: Thread will continue on error
2021-01-18 14:06:34,402 INFO o.a.j.t.ThreadGroup: Starting thread group... number=1 threads=1 ramp-up=1 delayedStart=false
2021-01-18 14:06:34,421 INFO o.a.j.t.ThreadGroup: Started thread group number 1
2021-01-18 14:06:34,422 INFO o.a.j.e.StandardJMeterEngine: All thread groups have been started
2021-01-18 14:06:34,423 INFO o.a.j.t.JMeterThread: Thread started: 线程组 login 1-1
2021-01-18 14:06:34,463 INFO o.a.j.t.JMeterThread: Thread is done: 线程组 login 1-1
2021-01-18 14:06:34,463 INFO o.a.j.t.JMeterThread: Thread finished: 线程组 login 1-1
2021-01-18 14:06:34,464 INFO o.a.j.e.StandardJMeterEngine: Notifying test listeners of end of test
2021-01-18 14:06:34,464 INFO o.a.j.g.u.JMeterMenuBar: setRunning(false, *local*)
2021-01-18 14:06:43,932 INFO o.a.j.e.StandardJMeterEngine: Running the test!
2021-01-18 14:06:43,933 INFO o.a.j.s.SampleEvent: List of sample_variables: []
2021-01-18 14:06:43,934 INFO o.a.j.g.u.JMeterMenuBar: setRunning(true, *local*)
2021-01-18 14:06:44,190 INFO o.a.j.e.StandardJMeterEngine: Starting ThreadGroup: 1 : 线程组 login
2021-01-18 14:06:44,190 INFO o.a.j.e.StandardJMeterEngine: Starting 1 threads for group 线程组 login.
2021-01-18 14:06:44,191 INFO o.a.j.e.StandardJMeterEngine: Thread will continue on error
2021-01-18 14:06:44,191 INFO o.a.j.t.ThreadGroup: Starting thread group... number=1 threads=1 ramp-up=1 delayedStart=false
2021-01-18 14:06:44,201 INFO o.a.j.t.ThreadGroup: Started thread group number 1
2021-01-18 14:06:44,201 INFO o.a.j.e.StandardJMeterEngine: All thread groups have been started
2021-01-18 14:06:44,201 INFO o.a.j.t.JMeterThread: Thread started: 线程组 login 1-1
2021-01-18 14:06:44,320 INFO o.a.j.t.JMeterThread: Thread is done: 线程组 login 1-1
2021-01-18 14:06:44,320 INFO o.a.j.t.JMeterThread: Thread finished: 线程组 login 1-1
2021-01-18 14:06:44,321 INFO o.a.j.e.StandardJMeterEngine: Notifying test listeners of end of test
2021-01-18 14:06:44,321 INFO o.a.j.g.u.JMeterMenuBar: setRunning(false, *local*)
2021-01-18 14:06:52,744 INFO o.a.j.e.StandardJMeterEngine: Running the test!
2021-01-18 14:06:52,745 INFO o.a.j.s.SampleEvent: List of sample_variables: []
2021-01-18 14:06:52,746 INFO o.a.j.g.u.JMeterMenuBar: setRunning(true, *local*)
2021-01-18 14:06:53,036 INFO o.a.j.e.StandardJMeterEngine: Starting ThreadGroup: 1 : 线程组 login
2021-01-18 14:06:53,036 INFO o.a.j.e.StandardJMeterEngine: Starting 1 threads for group 线程组 login.
2021-01-18 14:06:53,036 INFO o.a.j.e.StandardJMeterEngine: Thread will continue on error
2021-01-18 14:06:53,037 INFO o.a.j.t.ThreadGroup: Starting thread group... number=1 threads=1 ramp-up=1 delayedStart=false
2021-01-18 14:06:53,048 INFO o.a.j.t.ThreadGroup: Started thread group number 1
2021-01-18 14:06:53,049 INFO o.a.j.e.StandardJMeterEngine: All thread groups have been started
2021-01-18 14:06:53,055 INFO o.a.j.t.JMeterThread: Thread started: 线程组 login 1-1
2021-01-18 14:06:53,091 INFO o.a.j.t.JMeterThread: Thread is done: 线程组 login 1-1
2021-01-18 14:06:53,092 INFO o.a.j.t.JMeterThread: Thread finished: 线程组 login 1-1
2021-01-18 14:06:53,093 INFO o.a.j.e.StandardJMeterEngine: Notifying test listeners of end of test
2021-01-18 14:06:53,093 INFO o.a.j.g.u.JMeterMenuBar: setRunning(false, *local*)
2021-01-18 14:07:05,840 INFO o.a.j.e.StandardJMeterEngine: Running the test!
2021-01-18 14:07:05,841 INFO o.a.j.s.SampleEvent: List of sample_variables: []
2021-01-18 14:07:05,842 INFO o.a.j.g.u.JMeterMenuBar: setRunning(true, *local*)
2021-01-18 14:07:06,083 INFO o.a.j.e.StandardJMeterEngine: Starting ThreadGroup: 1 : 线程组 login
2021-01-18 14:07:06,083 INFO o.a.j.e.StandardJMeterEngine: Starting 1 threads for group 线程组 login.
2021-01-18 14:07:06,083 INFO o.a.j.e.StandardJMeterEngine: Thread will continue on error
2021-01-18 14:07:06,083 INFO o.a.j.t.ThreadGroup: Starting thread group... number=1 threads=1 ramp-up=1 delayedStart=false
2021-01-18 14:07:06,093 INFO o.a.j.t.ThreadGroup: Started thread group number 1
2021-01-18 14:07:06,094 INFO o.a.j.e.StandardJMeterEngine: All thread groups have been started
2021-01-18 14:07:06,096 INFO o.a.j.t.JMeterThread: Thread started: 线程组 login 1-1
2021-01-18 14:07:06,810 INFO o.a.j.t.JMeterThread: Thread is done: 线程组 login 1-1
2021-01-18 14:07:06,811 INFO o.a.j.t.JMeterThread: Thread finished: 线程组 login 1-1
2021-01-18 14:07:06,811 INFO o.a.j.e.StandardJMeterEngine: Notifying test listeners of end of test
2021-01-18 14:07:06,812 INFO o.a.j.g.u.JMeterMenuBar: setRunning(false, *local*)
